# JRE version: Java(TM) SE Runtime Environment (9.0+11) (build 9.0.4+11)
# Java VM: Java HotSpot(TM) 64-Bit Server VM (9.0.4+11, mixed mode, tiered, compressed oops, g1 gc, windows-amd64)
Heap:
 garbage-first heap   total 250880K, used 154353K [0x0000000700000000, 0x00000007001007a8, 0x00000007c0000000)
  region size 1024K, 15 young (15360K), 1 survivors (1024K)
 Metaspace       used 94240K, capacity 101381K, committed 101504K, reserved 1136640K
  class space    used 13393K, capacity 14637K, committed 14720K, reserved 1048576K
GC Heap History (10 events):
Event: 1276.640 GC heap before
{Heap before GC invocations=334 (full 23):
 garbage-first heap   total 250880K, used 169366K [0x0000000700000000, 0x00000007001007a8, 0x00000007c0000000)
  region size 1024K, 15 young (15360K), 1 survivors (1024K)
 Metaspace       used 94195K, capacity 101317K, committed 101504K, reserved 1136640K
  class space    used 13393K, capacity 14637K, committed 14720K, reserved 1048576K
}
Event: 1276.808 GC heap after
{Heap after GC invocations=335 (full 24):
 garbage-first heap   total 250880K, used 140268K [0x0000000700000000, 0x00000007001007a8, 0x00000007c0000000)
  region size 1024K, 0 young (0K), 0 survivors (0K)
 Metaspace       used 94195K, capacity 101317K, committed 101504K, reserved 1136640K
  class space    used 13393K, capacity 14637K, committed 14720K, reserved 1048576K
}
Event: 1288.357 GC heap before
{Heap before GC invocations=335 (full 24):
 garbage-first heap   total 250880K, used 154604K [0x0000000700000000, 0x00000007001007a8, 0x00000007c0000000)
  region size 1024K, 15 young (15360K), 0 survivors (0K)
 Metaspace       used 94209K, capacity 101381K, committed 101504K, reserved 1136640K
  class space    used 13393K, capacity 14637K, committed 14720K, reserved 1048576K
}
Event: 1288.523 GC heap after
{Heap after GC invocations=336 (full 25):
 garbage-first heap   total 250880K, used 140283K [0x0000000700000000, 0x00000007001007a8, 0x00000007c0000000)
  region size 1024K, 0 young (0K), 0 survivors (0K)
 Metaspace       used 94209K, capacity 101381K, committed 101504K, reserved 1136640K
  class space    used 13393K, capacity 14637K, committed 14720K, reserved 1048576K
}
Event: 1307.027 GC heap before
{Heap before GC invocations=336 (full 25):
 garbage-first heap   total 250880K, used 156667K [0x0000000700000000, 0x00000007001007a8, 0x00000007c0000000)
  region size 1024K, 17 young (17408K), 0 survivors (0K)
 Metaspace       used 94218K, capacity 101381K, committed 101504K, reserved 1136640K
  class space    used 13393K, capacity 14637K, committed 14720K, reserved 1048576K
}
Event: 1307.197 GC heap after
{Heap after GC invocations=337 (full 26):
 garbage-first heap   total 250880K, used 140288K [0x0000000700000000, 0x00000007001007a8, 0x00000007c0000000)
  region size 1024K, 0 young (0K), 0 survivors (0K)
 Metaspace       used 94218K, capacity 101381K, committed 101504K, reserved 1136640K
  class space    used 13393K, capacity 14637K, committed 14720K, reserved 1048576K
}
Event: 1320.214 GC heap before
{Heap before GC invocations=337 (full 26):
 garbage-first heap   total 250880K, used 201728K [0x0000000700000000, 0x00000007001007a8, 0x00000007c0000000)
  region size 1024K, 60 young (61440K), 0 survivors (0K)
 Metaspace       used 94226K, capacity 101381K, committed 101504K, reserved 1136640K
  class space    used 13393K, capacity 14637K, committed 14720K, reserved 1048576K
}
Event: 1320.216 GC heap after
{Heap after GC invocations=338 (full 26):
 garbage-first heap   total 250880K, used 141172K [0x0000000700000000, 0x00000007001007a8, 0x00000007c0000000)
  region size 1024K, 1 young (1024K), 1 survivors (1024K)
 Metaspace       used 94226K, capacity 101381K, committed 101504K, reserved 1136640K
  class space    used 13393K, capacity 14637K, committed 14720K, reserved 1048576K
}
Event: 1321.658 GC heap before
{Heap before GC invocations=339 (full 26):
 garbage-first heap   total 250880K, used 201588K [0x0000000700000000, 0x00000007001007a8, 0x00000007c0000000)
  region size 1024K, 60 young (61440K), 1 survivors (1024K)
 Metaspace       used 94238K, capacity 101381K, committed 101504K, reserved 1136640K
  class space    used 13393K, capacity 14637K, committed 14720K, reserved 1048576K
}
Event: 1321.660 GC heap after
{Heap after GC invocations=340 (full 26):
 garbage-first heap   total 250880K, used 141041K [0x0000000700000000, 0x00000007001007a8, 0x00000007c0000000)
  region size 1024K, 1 young (1024K), 1 survivors (1024K)
 Metaspace       used 94238K, capacity 101381K, committed 101504K, reserved 1136640K
  class space    used 13393K, capacity 14637K, committed 14720K, reserved 1048576K
}

